# JRE version: Java(TM) SE Runtime Environment (8.0_31-b13) (build 1.8.0_31-b13)
# Java VM: Java HotSpot(TM) 64-Bit Server VM (25.31-b07 mixed mode windows-amd64 compressed oops)
Heap:
 PSYoungGen      total 344064K, used 66597K [0x00000000d6000000, 0x00000000ee900000, 0x0000000100000000)
  eden space 327168K, 15% used [0x00000000d6000000,0x00000000d91737c0,0x00000000e9f80000)
  from space 16896K, 94% used [0x00000000eb200000,0x00000000ec195e10,0x00000000ec280000)
  to   space 18944K, 0% used [0x00000000e9f80000,0x00000000e9f80000,0x00000000eb200000)
 ParOldGen       total 100864K, used 25554K [0x0000000082000000, 0x0000000088280000, 0x00000000d6000000)
  object space 100864K, 25% used [0x0000000082000000,0x00000000838f4b98,0x0000000088280000)
 Metaspace       used 47458K, capacity 47810K, committed 48088K, reserved 1091584K
  class space    used 6216K, capacity 6319K, committed 6360K, reserved 1048576K
GC Heap History (10 events):
Event: 3.439 GC heap before
{Heap before GC invocations=6 (full 1):
 PSYoungGen      total 136192K, used 5091K [0x00000000d6000000, 0x00000000e7600000, 0x0000000100000000)
  eden space 131072K, 0% used [0x00000000d6000000,0x00000000d6000000,0x00000000de000000)
  from space 5120K, 99% used [0x00000000de000000,0x00000000de4f8c40,0x00000000de500000)
  to   space 11264K, 0% used [0x00000000e6b00000,0x00000000e6b00000,0x00000000e7600000)
 ParOldGen       total 86016K, used 11339K [0x0000000082000000, 0x0000000087400000, 0x00000000d6000000)
  object space 86016K, 13% used [0x0000000082000000,0x0000000082b12e68,0x0000000087400000)
 Metaspace       used 20843K, capacity 21132K, committed 21248K, reserved 1067008K
  class space    used 2691K, capacity 2747K, committed 2816K, reserved 1048576K
Event: 3.497 GC heap after
Heap after GC invocations=6 (full 1):
 PSYoungGen      total 136192K, used 0K [0x00000000d6000000, 0x00000000e7600000, 0x0000000100000000)
  eden space 131072K, 0% used [0x00000000d6000000,0x00000000d6000000,0x00000000de000000)
  from space 5120K, 0% used [0x00000000de000000,0x00000000de000000,0x00000000de500000)
  to   space 11264K, 0% used [0x00000000e6b00000,0x00000000e6b00000,0x00000000e7600000)
 ParOldGen       total 59904K, used 9131K [0x0000000082000000, 0x0000000085a80000, 0x00000000d6000000)
  object space 59904K, 15% used [0x0000000082000000,0x00000000828eacc0,0x0000000085a80000)
 Metaspace       used 20841K, capacity 21130K, committed 21248K, reserved 1067008K
  class space    used 2690K, capacity 2746K, committed 2816K, reserved 1048576K
}
Event: 4.801 GC heap before
{Heap before GC invocations=7 (full 1):
 PSYoungGen      total 136192K, used 131072K [0x00000000d6000000, 0x00000000e7600000, 0x0000000100000000)
  eden space 131072K, 100% used [0x00000000d6000000,0x00000000de000000,0x00000000de000000)
  from space 5120K, 0% used [0x00000000de000000,0x00000000de000000,0x00000000de500000)
  to   space 11264K, 0% used [0x00000000e6b00000,0x00000000e6b00000,0x00000000e7600000)
 ParOldGen       total 59904K, used 9131K [0x0000000082000000, 0x0000000085a80000, 0x00000000d6000000)
  object space 59904K, 15% used [0x0000000082000000,0x00000000828eacc0,0x0000000085a80000)
 Metaspace       used 25620K, capacity 25908K, committed 26240K, reserved 1073152K
  class space    used 3327K, capacity 3393K, committed 3456K, reserved 1048576K
Event: 4.813 GC heap after
Heap after GC invocations=7 (full 1):
 PSYoungGen      total 221184K, used 11089K [0x00000000d6000000, 0x00000000e7600000, 0x0000000100000000)
  eden space 209920K, 0% used [0x00000000d6000000,0x00000000d6000000,0x00000000e2d00000)
  from space 11264K, 98% used [0x00000000e6b00000,0x00000000e75d4778,0x00000000e7600000)
  to   space 12800K, 0% used [0x00000000e5d00000,0x00000000e5d00000,0x00000000e6980000)
 ParOldGen       total 59904K, used 9139K [0x0000000082000000, 0x0000000085a80000, 0x00000000d6000000)
  object space 59904K, 15% used [0x0000000082000000,0x00000000828eccc0,0x0000000085a80000)
 Metaspace       used 25620K, capacity 25908K, committed 26240K, reserved 1073152K
  class space    used 3327K, capacity 3393K, committed 3456K, reserved 1048576K
}
Event: 5.941 GC heap before
{Heap before GC invocations=8 (full 1):
 PSYoungGen      total 221184K, used 114123K [0x00000000d6000000, 0x00000000e7600000, 0x0000000100000000)
  eden space 209920K, 49% used [0x00000000d6000000,0x00000000dc49e7d0,0x00000000e2d00000)
  from space 11264K, 98% used [0x00000000e6b00000,0x00000000e75d4778,0x00000000e7600000)
  to   space 12800K, 0% used [0x00000000e5d00000,0x00000000e5d00000,0x00000000e6980000)
 ParOldGen       total 59904K, used 9139K [0x0000000082000000, 0x0000000085a80000, 0x00000000d6000000)
  object space 59904K, 15% used [0x0000000082000000,0x00000000828eccc0,0x0000000085a80000)
 Metaspace       used 34912K, capacity 35236K, committed 35416K, reserved 1079296K
  class space    used 4544K, capacity 4617K, committed 4696K, reserved 1048576K
Event: 5.955 GC heap after
Heap after GC invocations=8 (full 1):
 PSYoungGen      total 271872K, used 12780K [0x00000000d6000000, 0x00000000ec280000, 0x0000000100000000)
  eden space 259072K, 0% used [0x00000000d6000000,0x00000000d6000000,0x00000000e5d00000)
  from space 12800K, 99% used [0x00000000e5d00000,0x00000000e697b2a0,0x00000000e6980000)
  to   space 16896K, 0% used [0x00000000eb200000,0x00000000eb200000,0x00000000ec280000)
 ParOldGen       total 59904K, used 13986K [0x0000000082000000, 0x0000000085a80000, 0x00000000d6000000)
  object space 59904K, 23% used [0x0000000082000000,0x0000000082da8a60,0x0000000085a80000)
 Metaspace       used 34912K, capacity 35236K, committed 35416K, reserved 1079296K
  class space    used 4544K, capacity 4617K, committed 4696K, reserved 1048576K
}
Event: 5.955 GC heap before
{Heap before GC invocations=9 (full 2):
 PSYoungGen      total 271872K, used 12780K [0x00000000d6000000, 0x00000000ec280000, 0x0000000100000000)
  eden space 259072K, 0% used [0x00000000d6000000,0x00000000d6000000,0x00000000e5d00000)
  from space 12800K, 99% used [0x00000000e5d00000,0x00000000e697b2a0,0x00000000e6980000)
  to   space 16896K, 0% used [0x00000000eb200000,0x00000000eb200000,0x00000000ec280000)
 ParOldGen       total 59904K, used 13986K [0x0000000082000000, 0x0000000085a80000, 0x00000000d6000000)
  object space 59904K, 23% used [0x0000000082000000,0x0000000082da8a60,0x0000000085a80000)
 Metaspace       used 34912K, capacity 35236K, committed 35416K, reserved 1079296K
  class space    used 4544K, capacity 4617K, committed 4696K, reserved 1048576K
Event: 6.040 GC heap after
Heap after GC invocations=9 (full 2):
 PSYoungGen      total 271872K, used 0K [0x00000000d6000000, 0x00000000ec280000, 0x0000000100000000)
  eden space 259072K, 0% used [0x00000000d6000000,0x00000000d6000000,0x00000000e5d00000)
  from space 12800K, 0% used [0x00000000e5d00000,0x00000000e5d00000,0x00000000e6980000)
  to   space 16896K, 0% used [0x00000000eb200000,0x00000000eb200000,0x00000000ec280000)
 ParOldGen       total 100864K, used 25546K [0x0000000082000000, 0x0000000088280000, 0x00000000d6000000)
  object space 100864K, 25% used [0x0000000082000000,0x00000000838f2b98,0x0000000088280000)
 Metaspace       used 34912K, capacity 35236K, committed 35416K, reserved 1079296K
  class space    used 4544K, capacity 4617K, committed 4696K, reserved 1048576K
}
Event: 37.565 GC heap before
{Heap before GC invocations=10 (full 2):
 PSYoungGen      total 271872K, used 259072K [0x00000000d6000000, 0x00000000ec280000, 0x0000000100000000)
  eden space 259072K, 100% used [0x00000000d6000000,0x00000000e5d00000,0x00000000e5d00000)
  from space 12800K, 0% used [0x00000000e5d00000,0x00000000e5d00000,0x00000000e6980000)
  to   space 16896K, 0% used [0x00000000eb200000,0x00000000eb200000,0x00000000ec280000)
 ParOldGen       total 100864K, used 25546K [0x0000000082000000, 0x0000000088280000, 0x00000000d6000000)
  object space 100864K, 25% used [0x0000000082000000,0x00000000838f2b98,0x0000000088280000)
 Metaspace       used 44206K, capacity 44560K, committed 44888K, reserved 1087488K
  class space    used 5813K, capacity 5879K, committed 5976K, reserved 1048576K
Event: 37.666 GC heap after
Heap after GC invocations=10 (full 2):
 PSYoungGen      total 344064K, used 15959K [0x00000000d6000000, 0x00000000ee900000, 0x0000000100000000)
  eden space 327168K, 0% used [0x00000000d6000000,0x00000000d6000000,0x00000000e9f80000)
  from space 16896K, 94% used [0x00000000eb200000,0x00000000ec195e10,0x00000000ec280000)
  to   space 18944K, 0% used [0x00000000e9f80000,0x00000000e9f80000,0x00000000eb200000)
 ParOldGen       total 100864K, used 25554K [0x0000000082000000, 0x0000000088280000, 0x00000000d6000000)
  object space 100864K, 25% used [0x0000000082000000,0x00000000838f4b98,0x0000000088280000)
 Metaspace       used 44206K, capacity 44560K, committed 44888K, reserved 1087488K
  class space    used 5813K, capacity 5879K, committed 5976K, reserved 1048576K
}

