# JRE version: Java(TM) SE Runtime Environment (8.0_31-b13) (build 1.8.0_31-b13)
# Java VM: Java HotSpot(TM) 64-Bit Server VM (25.31-b07 mixed mode windows-amd64 compressed oops)
Heap:
 PSYoungGen      total 255488K, used 39092K [0x00000000d6000000, 0x00000000ecf00000, 0x0000000100000000)
  eden space 238592K, 10% used [0x00000000d6000000,0x00000000d789f4d8,0x00000000e4900000)
  from space 16896K, 82% used [0x00000000e4900000,0x00000000e568dc98,0x00000000e5980000)
  to   space 17920K, 0% used [0x00000000ebd80000,0x00000000ebd80000,0x00000000ecf00000)
 ParOldGen       total 77312K, used 25628K [0x0000000082000000, 0x0000000086b80000, 0x00000000d6000000)
  object space 77312K, 33% used [0x0000000082000000,0x0000000083907048,0x0000000086b80000)
 Metaspace       used 44830K, capacity 45230K, committed 45528K, reserved 1089536K
  class space    used 5916K, capacity 6041K, committed 6104K, reserved 1048576K
GC Heap History (10 events):
Event: 3.070 GC heap before
{Heap before GC invocations=7 (full 1):
 PSYoungGen      total 141312K, used 8720K [0x00000000d6000000, 0x00000000df600000, 0x0000000100000000)
  eden space 130560K, 0% used [0x00000000d6000000,0x00000000d6000000,0x00000000ddf80000)
  from space 10752K, 81% used [0x00000000dea80000,0x00000000df304350,0x00000000df500000)
  to   space 11264K, 0% used [0x00000000ddf80000,0x00000000ddf80000,0x00000000dea80000)
 ParOldGen       total 86016K, used 7750K [0x0000000082000000, 0x0000000087400000, 0x00000000d6000000)
  object space 86016K, 9% used [0x0000000082000000,0x0000000082791830,0x0000000087400000)
 Metaspace       used 20845K, capacity 21132K, committed 21248K, reserved 1067008K
  class space    used 2690K, capacity 2747K, committed 2816K, reserved 1048576K
Event: 3.123 GC heap after
Heap after GC invocations=7 (full 1):
 PSYoungGen      total 141312K, used 0K [0x00000000d6000000, 0x00000000df600000, 0x0000000100000000)
  eden space 130560K, 0% used [0x00000000d6000000,0x00000000d6000000,0x00000000ddf80000)
  from space 10752K, 0% used [0x00000000dea80000,0x00000000dea80000,0x00000000df500000)
  to   space 11264K, 0% used [0x00000000ddf80000,0x00000000ddf80000,0x00000000dea80000)
 ParOldGen       total 51712K, used 9984K [0x0000000082000000, 0x0000000085280000, 0x00000000d6000000)
  object space 51712K, 19% used [0x0000000082000000,0x00000000829c02c0,0x0000000085280000)
 Metaspace       used 20844K, capacity 21130K, committed 21248K, reserved 1067008K
  class space    used 2689K, capacity 2746K, committed 2816K, reserved 1048576K
}
Event: 4.039 GC heap before
{Heap before GC invocations=8 (full 1):
 PSYoungGen      total 141312K, used 130560K [0x00000000d6000000, 0x00000000df600000, 0x0000000100000000)
  eden space 130560K, 100% used [0x00000000d6000000,0x00000000ddf80000,0x00000000ddf80000)
  from space 10752K, 0% used [0x00000000dea80000,0x00000000dea80000,0x00000000df500000)
  to   space 11264K, 0% used [0x00000000ddf80000,0x00000000ddf80000,0x00000000dea80000)
 ParOldGen       total 51712K, used 9984K [0x0000000082000000, 0x0000000085280000, 0x00000000d6000000)
  object space 51712K, 19% used [0x0000000082000000,0x00000000829c02c0,0x0000000085280000)
 Metaspace       used 25589K, capacity 25908K, committed 26240K, reserved 1073152K
  class space    used 3325K, capacity 3393K, committed 3456K, reserved 1048576K
Event: 4.062 GC heap after
Heap after GC invocations=8 (full 1):
 PSYoungGen      total 141824K, used 11049K [0x00000000d6000000, 0x00000000e6700000, 0x0000000100000000)
  eden space 130560K, 0% used [0x00000000d6000000,0x00000000d6000000,0x00000000ddf80000)
  from space 11264K, 98% used [0x00000000ddf80000,0x00000000dea4a488,0x00000000dea80000)
  to   space 13312K, 0% used [0x00000000e5a00000,0x00000000e5a00000,0x00000000e6700000)
 ParOldGen       total 51712K, used 9992K [0x0000000082000000, 0x0000000085280000, 0x00000000d6000000)
  object space 51712K, 19% used [0x0000000082000000,0x00000000829c22c0,0x0000000085280000)
 Metaspace       used 25589K, capacity 25908K, committed 26240K, reserved 1073152K
  class space    used 3325K, capacity 3393K, committed 3456K, reserved 1048576K
}
Event: 5.138 GC heap before
{Heap before GC invocations=9 (full 1):
 PSYoungGen      total 141824K, used 112006K [0x00000000d6000000, 0x00000000e6700000, 0x0000000100000000)
  eden space 130560K, 77% used [0x00000000d6000000,0x00000000dc297608,0x00000000ddf80000)
  from space 11264K, 98% used [0x00000000ddf80000,0x00000000dea4a488,0x00000000dea80000)
  to   space 13312K, 0% used [0x00000000e5a00000,0x00000000e5a00000,0x00000000e6700000)
 ParOldGen       total 51712K, used 9992K [0x0000000082000000, 0x0000000085280000, 0x00000000d6000000)
  object space 51712K, 19% used [0x0000000082000000,0x00000000829c22c0,0x0000000085280000)
 Metaspace       used 34914K, capacity 35236K, committed 35416K, reserved 1079296K
  class space    used 4551K, capacity 4617K, committed 4696K, reserved 1048576K
Event: 5.152 GC heap after
Heap after GC invocations=9 (full 1):
 PSYoungGen      total 251904K, used 13281K [0x00000000d6000000, 0x00000000e6a00000, 0x0000000100000000)
  eden space 238592K, 0% used [0x00000000d6000000,0x00000000d6000000,0x00000000e4900000)
  from space 13312K, 99% used [0x00000000e5a00000,0x00000000e66f84c0,0x00000000e6700000)
  to   space 16896K, 0% used [0x00000000e4900000,0x00000000e4900000,0x00000000e5980000)
 ParOldGen       total 51712K, used 14217K [0x0000000082000000, 0x0000000085280000, 0x00000000d6000000)
  object space 51712K, 27% used [0x0000000082000000,0x0000000082de2428,0x0000000085280000)
 Metaspace       used 34914K, capacity 35236K, committed 35416K, reserved 1079296K
  class space    used 4551K, capacity 4617K, committed 4696K, reserved 1048576K
}
Event: 5.152 GC heap before
{Heap before GC invocations=10 (full 2):
 PSYoungGen      total 251904K, used 13281K [0x00000000d6000000, 0x00000000e6a00000, 0x0000000100000000)
  eden space 238592K, 0% used [0x00000000d6000000,0x00000000d6000000,0x00000000e4900000)
  from space 13312K, 99% used [0x00000000e5a00000,0x00000000e66f84c0,0x00000000e6700000)
  to   space 16896K, 0% used [0x00000000e4900000,0x00000000e4900000,0x00000000e5980000)
 ParOldGen       total 51712K, used 14217K [0x0000000082000000, 0x0000000085280000, 0x00000000d6000000)
  object space 51712K, 27% used [0x0000000082000000,0x0000000082de2428,0x0000000085280000)
 Metaspace       used 34914K, capacity 35236K, committed 35416K, reserved 1079296K
  class space    used 4551K, capacity 4617K, committed 4696K, reserved 1048576K
Event: 5.223 GC heap after
Heap after GC invocations=10 (full 2):
 PSYoungGen      total 251904K, used 0K [0x00000000d6000000, 0x00000000e6a00000, 0x0000000100000000)
  eden space 238592K, 0% used [0x00000000d6000000,0x00000000d6000000,0x00000000e4900000)
  from space 13312K, 0% used [0x00000000e5a00000,0x00000000e5a00000,0x00000000e6700000)
  to   space 16896K, 0% used [0x00000000e4900000,0x00000000e4900000,0x00000000e5980000)
 ParOldGen       total 77312K, used 25620K [0x0000000082000000, 0x0000000086b80000, 0x00000000d6000000)
  object space 77312K, 33% used [0x0000000082000000,0x0000000083905048,0x0000000086b80000)
 Metaspace       used 34914K, capacity 35236K, committed 35416K, reserved 1079296K
  class space    used 4551K, capacity 4617K, committed 4696K, reserved 1048576K
}
Event: 18.500 GC heap before
{Heap before GC invocations=11 (full 2):
 PSYoungGen      total 251904K, used 238592K [0x00000000d6000000, 0x00000000e6a00000, 0x0000000100000000)
  eden space 238592K, 100% used [0x00000000d6000000,0x00000000e4900000,0x00000000e4900000)
  from space 13312K, 0% used [0x00000000e5a00000,0x00000000e5a00000,0x00000000e6700000)
  to   space 16896K, 0% used [0x00000000e4900000,0x00000000e4900000,0x00000000e5980000)
 ParOldGen       total 77312K, used 25620K [0x0000000082000000, 0x0000000086b80000, 0x00000000d6000000)
  object space 77312K, 33% used [0x0000000082000000,0x0000000083905048,0x0000000086b80000)
 Metaspace       used 42198K, capacity 42622K, committed 42840K, reserved 1087488K
  class space    used 5595K, capacity 5684K, committed 5720K, reserved 1048576K
Event: 18.514 GC heap after
Heap after GC invocations=11 (full 2):
 PSYoungGen      total 255488K, used 13879K [0x00000000d6000000, 0x00000000ecf00000, 0x0000000100000000)
  eden space 238592K, 0% used [0x00000000d6000000,0x00000000d6000000,0x00000000e4900000)
  from space 16896K, 82% used [0x00000000e4900000,0x00000000e568dc98,0x00000000e5980000)
  to   space 17920K, 0% used [0x00000000ebd80000,0x00000000ebd80000,0x00000000ecf00000)
 ParOldGen       total 77312K, used 25628K [0x0000000082000000, 0x0000000086b80000, 0x00000000d6000000)
  object space 77312K, 33% used [0x0000000082000000,0x0000000083907048,0x0000000086b80000)
 Metaspace       used 42198K, capacity 42622K, committed 42840K, reserved 1087488K
  class space    used 5595K, capacity 5684K, committed 5720K, reserved 1048576K
}

